[debug] [2023-06-19T10:36:15.405Z] ----------------------------------------------------------------------
[debug] [2023-06-19T10:36:15.407Z] Command:       C:\Program Files\nodejs\node.exe C:\Users\AbdullahM\AppData\Roaming\npm\node_modules\firebase-tools\lib\bin\firebase.js init
[debug] [2023-06-19T10:36:15.407Z] CLI Version:   12.4.0
[debug] [2023-06-19T10:36:15.408Z] Platform:      win32
[debug] [2023-06-19T10:36:15.408Z] Node Version:  v18.16.0
[debug] [2023-06-19T10:36:15.409Z] Time:          Mon Jun 19 2023 16:06:15 GMT+0530 (India Standard Time)
[debug] [2023-06-19T10:36:15.409Z] ----------------------------------------------------------------------
[debug] 
[debug] [2023-06-19T10:36:15.423Z] >>> [apiv2][query] GET https://firebase-public.firebaseio.com/cli.json [none]
[debug] [2023-06-19T10:36:15.480Z] > command requires scopes: ["email","openid","https://www.googleapis.com/auth/cloudplatformprojects.readonly","https://www.googleapis.com/auth/firebase","https://www.googleapis.com/auth/cloud-platform"]
[debug] [2023-06-19T10:36:15.480Z] > authorizing via signed-in user (mansoorabdullah001@gmail.com)
[info] 
     ######## #### ########  ######## ########     ###     ######  ########
     ##        ##  ##     ## ##       ##     ##  ##   ##  ##       ##
     ######    ##  ########  ######   ########  #########  ######  ######
     ##        ##  ##    ##  ##       ##     ## ##     ##       ## ##
     ##       #### ##     ## ######## ########  ##     ##  ######  ########

You're about to initialize a Firebase project in this directory:

  C:\Projects\Personal\donate-blood

Before we get started, keep in mind:

  * You are currently outside your home directory

[debug] [2023-06-19T10:36:18.531Z] <<< [apiv2][status] GET https://firebase-public.firebaseio.com/cli.json 200
[debug] [2023-06-19T10:36:18.532Z] <<< [apiv2][body] GET https://firebase-public.firebaseio.com/cli.json {"cloudBuildErrorAfter":1594252800000,"cloudBuildWarnAfter":1590019200000,"defaultNode10After":1594252800000,"minVersion":"3.0.5","node8DeploysDisabledAfter":1613390400000,"node8RuntimeDisabledAfter":1615809600000,"node8WarnAfter":1600128000000}
[info] 
=== Project Setup
[info] 
[info] First, let's associate this project directory with a Firebase project.
[info] You can create multiple project aliases by running firebase use --add, 
[info] but for now we'll just set up a default project.
[info] 
[debug] [2023-06-19T10:38:18.507Z] > refreshing access token with scopes: []
[debug] [2023-06-19T10:38:18.509Z] >>> [apiv2][query] POST https://www.googleapis.com/oauth2/v3/token [none]
[debug] [2023-06-19T10:38:18.509Z] >>> [apiv2][body] POST https://www.googleapis.com/oauth2/v3/token [omitted]
[debug] [2023-06-19T10:38:19.295Z] <<< [apiv2][status] POST https://www.googleapis.com/oauth2/v3/token 200
[debug] [2023-06-19T10:38:19.295Z] <<< [apiv2][body] POST https://www.googleapis.com/oauth2/v3/token [omitted]
[debug] [2023-06-19T10:38:19.335Z] >>> [apiv2][query] GET https://firebase.googleapis.com/v1beta1/projects pageSize=100
[debug] [2023-06-19T10:38:20.176Z] <<< [apiv2][status] GET https://firebase.googleapis.com/v1beta1/projects 200
[debug] [2023-06-19T10:38:20.176Z] <<< [apiv2][body] GET https://firebase.googleapis.com/v1beta1/projects [omitted]
[info] i  Using project findbloodlk (Blood Donation Application) 
[info] 
=== Firestore Setup
[debug] [2023-06-19T10:38:40.631Z] >>> [apiv2][query] GET https://serviceusage.googleapis.com/v1/projects/findbloodlk/services/firestore.googleapis.com [none]
[debug] [2023-06-19T10:38:40.631Z] >>> [apiv2][(partial)header] GET https://serviceusage.googleapis.com/v1/projects/findbloodlk/services/firestore.googleapis.com x-goog-quota-user=projects/findbloodlk
[debug] [2023-06-19T10:38:44.603Z] <<< [apiv2][status] GET https://serviceusage.googleapis.com/v1/projects/findbloodlk/services/firestore.googleapis.com 200
[debug] [2023-06-19T10:38:44.604Z] <<< [apiv2][body] GET https://serviceusage.googleapis.com/v1/projects/findbloodlk/services/firestore.googleapis.com [omitted]
[debug] [2023-06-19T10:38:44.605Z] >>> [apiv2][query] GET https://firestore.googleapis.com/v1/projects/findbloodlk/databases/(default) [none]
[debug] [2023-06-19T10:38:46.567Z] <<< [apiv2][status] GET https://firestore.googleapis.com/v1/projects/findbloodlk/databases/(default) 200
[debug] [2023-06-19T10:38:46.567Z] <<< [apiv2][body] GET https://firestore.googleapis.com/v1/projects/findbloodlk/databases/(default) {"name":"projects/findbloodlk/databases/(default)","uid":"e8fd3ad8-5212-44a9-a8f2-da2f2f4f876f","createTime":"2023-06-19T10:19:54.778039Z","updateTime":"2023-06-19T10:19:54.778039Z","locationId":"eur3","type":"FIRESTORE_NATIVE","concurrencyMode":"PESSIMISTIC","appEngineIntegrationMode":"DISABLED","keyPrefix":"e","deleteProtectionState":"DELETE_PROTECTION_DISABLED","etag":"ILzOjqCSz/8CMLfL24GOz/8C"}
[debug] [2023-06-19T10:38:46.567Z] database_type: FIRESTORE_NATIVE
[debug] [2023-06-19T10:38:46.567Z] > command requires scopes: ["email","openid","https://www.googleapis.com/auth/cloudplatformprojects.readonly","https://www.googleapis.com/auth/firebase","https://www.googleapis.com/auth/cloud-platform"]
[debug] [2023-06-19T10:38:46.568Z] > authorizing via signed-in user (mansoorabdullah001@gmail.com)
[debug] [2023-06-19T10:38:46.568Z] [iam] checking project findbloodlk for permissions ["firebase.projects.get"]
[debug] [2023-06-19T10:38:46.568Z] >>> [apiv2][query] POST https://cloudresourcemanager.googleapis.com/v1/projects/findbloodlk:testIamPermissions [none]
[debug] [2023-06-19T10:38:46.568Z] >>> [apiv2][(partial)header] POST https://cloudresourcemanager.googleapis.com/v1/projects/findbloodlk:testIamPermissions x-goog-quota-user=projects/findbloodlk
[debug] [2023-06-19T10:38:46.568Z] >>> [apiv2][body] POST https://cloudresourcemanager.googleapis.com/v1/projects/findbloodlk:testIamPermissions {"permissions":["firebase.projects.get"]}
[debug] [2023-06-19T10:38:49.497Z] <<< [apiv2][status] POST https://cloudresourcemanager.googleapis.com/v1/projects/findbloodlk:testIamPermissions 200
[debug] [2023-06-19T10:38:49.497Z] <<< [apiv2][body] POST https://cloudresourcemanager.googleapis.com/v1/projects/findbloodlk:testIamPermissions {"permissions":["firebase.projects.get"]}
[info] 
[info] Firestore Security Rules allow you to define how and when to allow
[info] requests. You can keep these rules in your project directory
[info] and publish them with firebase deploy.
[info] 
[debug] [2023-06-19T10:40:57.671Z] >>> [apiv2][query] GET https://firebaserules.googleapis.com/v1/projects/findbloodlk/releases pageSize=10&pageToken=
[debug] [2023-06-19T10:41:01.554Z] <<< [apiv2][status] GET https://firebaserules.googleapis.com/v1/projects/findbloodlk/releases 200
[debug] [2023-06-19T10:41:01.554Z] <<< [apiv2][body] GET https://firebaserules.googleapis.com/v1/projects/findbloodlk/releases {"releases":[{"name":"projects/findbloodlk/releases/cloud.firestore","rulesetName":"projects/findbloodlk/rulesets/a7d2316a-204a-432c-9096-e7d7f9070f9d","createTime":"2023-06-19T10:20:07.565927Z","updateTime":"2023-06-19T10:20:07.565927Z"}]}
[debug] [2023-06-19T10:41:01.554Z] Found ruleset: projects/findbloodlk/rulesets/a7d2316a-204a-432c-9096-e7d7f9070f9d
[debug] [2023-06-19T10:41:01.555Z] >>> [apiv2][query] GET https://firebaserules.googleapis.com/v1/projects/findbloodlk/rulesets/a7d2316a-204a-432c-9096-e7d7f9070f9d [none]
[debug] [2023-06-19T10:41:02.926Z] <<< [apiv2][status] GET https://firebaserules.googleapis.com/v1/projects/findbloodlk/rulesets/a7d2316a-204a-432c-9096-e7d7f9070f9d 200
[debug] [2023-06-19T10:41:02.926Z] <<< [apiv2][body] GET https://firebaserules.googleapis.com/v1/projects/findbloodlk/rulesets/a7d2316a-204a-432c-9096-e7d7f9070f9d [omitted]
[info] 
[info] Firestore indexes allow you to perform complex queries while
[info] maintaining performance that scales with the size of the result
[info] set. You can keep index definitions in your project directory
[info] and publish them with firebase deploy.
[info] 
[debug] [2023-06-19T10:41:08.228Z] >>> [apiv2][query] GET https://firestore.googleapis.com/v1/projects/findbloodlk/databases/(default)/collectionGroups/-/indexes [none]
[debug] [2023-06-19T10:41:08.230Z] >>> [apiv2][query] GET https://firestore.googleapis.com/v1/projects/findbloodlk/databases/(default)/collectionGroups/-/fields?filter=indexConfig.usesAncestorConfig=false OR ttlConfig:* [none]
[debug] [2023-06-19T10:41:10.140Z] <<< [apiv2][status] GET https://firestore.googleapis.com/v1/projects/findbloodlk/databases/(default)/collectionGroups/-/indexes 200
[debug] [2023-06-19T10:41:10.140Z] <<< [apiv2][body] GET https://firestore.googleapis.com/v1/projects/findbloodlk/databases/(default)/collectionGroups/-/indexes {}
[debug] [2023-06-19T10:41:10.572Z] <<< [apiv2][status] GET https://firestore.googleapis.com/v1/projects/findbloodlk/databases/(default)/collectionGroups/-/fields?filter=indexConfig.usesAncestorConfig=false OR ttlConfig:* 200
[debug] [2023-06-19T10:41:10.573Z] <<< [apiv2][body] GET https://firestore.googleapis.com/v1/projects/findbloodlk/databases/(default)/collectionGroups/-/fields?filter=indexConfig.usesAncestorConfig=false OR ttlConfig:* {"fields":[{"name":"projects/findbloodlk/databases/(default)/collectionGroups/__default__/fields/*","indexConfig":{"indexes":[{"queryScope":"COLLECTION","fields":[{"fieldPath":"*","order":"ASCENDING"}],"state":"READY"},{"queryScope":"COLLECTION","fields":[{"fieldPath":"*","order":"DESCENDING"}],"state":"READY"},{"queryScope":"COLLECTION","fields":[{"fieldPath":"*","arrayConfig":"CONTAINS"}],"state":"READY"}]}}]}
[info] 
=== Hosting Setup
[info] 
[info] Your public directory is the folder (relative to your project directory) that
[info] will contain Hosting assets to be uploaded with firebase deploy. If you
[info] have a build process for your assets, use your build's output directory.
[info] 
[debug] [2023-06-19T10:42:26.817Z] >>> [apiv2][query] GET https://www.gstatic.com/firebasejs/releases.json [none]
[debug] [2023-06-19T10:42:28.031Z] <<< [apiv2][status] GET https://www.gstatic.com/firebasejs/releases.json 200
[debug] [2023-06-19T10:42:28.031Z] <<< [apiv2][body] GET https://www.gstatic.com/firebasejs/releases.json {"current":{"version":"9.22.2","browserURL":"https://www.gstatic.com/firebasejs/9.22.2/firebase.js","packageURL":"https://www.gstatic.com/firebasejs/9.22.2/firebase.tgz"},"live":{"version":"9.22","browserURL":"https://www.gstatic.com/firebasejs/live/9.22/firebase.js","packageURL":"https://www.gstatic.com/firebasejs/live/9.22/firebase.tgz"},"components":{"analytics":"https://www.gstatic.com/firebasejs/9.22.2/firebase-analytics.js","app":"https://www.gstatic.com/firebasejs/9.22.2/firebase-app.js","app-check":"https://www.gstatic.com/firebasejs/9.22.2/firebase-app-check.js","auth":"https://www.gstatic.com/firebasejs/9.22.2/firebase-auth.js","auth/cordova":"https://www.gstatic.com/firebasejs/9.22.2/firebase-auth/cordova.js","auth/react-native":"https://www.gstatic.com/firebasejs/9.22.2/firebase-auth/react-native.js","functions":"https://www.gstatic.com/firebasejs/9.22.2/firebase-functions.js","firestore":"https://www.gstatic.com/firebasejs/9.22.2/firebase-firestore.js","firestore/lite":"https://www.gstatic.com/firebasejs/9.22.2/firebase-firestore/lite.js","installations":"https://www.gstatic.com/firebasejs/9.22.2/firebase-installations.js","storage":"https://www.gstatic.com/firebasejs/9.22.2/firebase-storage.js","performance":"https://www.gstatic.com/firebasejs/9.22.2/firebase-performance.js","remote-config":"https://www.gstatic.com/firebasejs/9.22.2/firebase-remote-config.js","messaging":"https://www.gstatic.com/firebasejs/9.22.2/firebase-messaging.js","messaging/sw":"https://www.gstatic.com/firebasejs/9.22.2/firebase-messaging/sw.js","database":"https://www.gstatic.com/firebasejs/9.22.2/firebase-database.js","firestore.memory":"https://www.gstatic.com/firebasejs/9.22.2/firebase-firestore.memory.js"}}
[info] +  Wrote dist/donate-blood/index.html 
[info] 
[info] i  Didn't detect a .git folder. Assuming C:\Projects\Personal\donate-blood is the project root. 
[info] i  Authorizing with GitHub to upload your service account to a GitHub repository's secrets store. 
[info] 
[info] Visit this URL on this device to log in:
[info] https://github.com/login/oauth/authorize?client_id=89cf50f02ac6aaed3484&state=643672327&redirect_uri=http%3A%2F%2Flocalhost%3A9005&scope=read%3Auser%20repo%20public_repo
[info] 
[info] Waiting for authentication...
[debug] [2023-06-19T10:43:14.251Z] >>> [apiv2][query] POST https://github.com/login/oauth/access_token [none]
[debug] [2023-06-19T10:43:14.251Z] >>> [apiv2][body] POST https://github.com/login/oauth/access_token [stream]
[debug] [2023-06-19T10:43:14.762Z] <<< [apiv2][status] POST https://github.com/login/oauth/access_token 200
[debug] [2023-06-19T10:43:14.763Z] <<< [apiv2][body] POST https://github.com/login/oauth/access_token {"access_token":"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","token_type":"bearer","scope":"read:user,repo"}
[debug] [2023-06-19T10:43:14.785Z] >>> [apiv2][query] GET https://api.github.com/user [none]
[debug] [2023-06-19T10:43:15.255Z] <<< [apiv2][status] GET https://api.github.com/user 200
[debug] [2023-06-19T10:43:15.255Z] <<< [apiv2][body] GET https://api.github.com/user {"login":"iabu94","id":27818818,"node_id":"MDQ6VXNlcjI3ODE4ODE4","avatar_url":"https://avatars.githubusercontent.com/u/27818818?v=4","gravatar_id":"","url":"https://api.github.com/users/iabu94","html_url":"https://github.com/iabu94","followers_url":"https://api.github.com/users/iabu94/followers","following_url":"https://api.github.com/users/iabu94/following{/other_user}","gists_url":"https://api.github.com/users/iabu94/gists{/gist_id}","starred_url":"https://api.github.com/users/iabu94/starred{/owner}{/repo}","subscriptions_url":"https://api.github.com/users/iabu94/subscriptions","organizations_url":"https://api.github.com/users/iabu94/orgs","repos_url":"https://api.github.com/users/iabu94/repos","events_url":"https://api.github.com/users/iabu94/events{/privacy}","received_events_url":"https://api.github.com/users/iabu94/received_events","type":"User","site_admin":false,"name":"Abdullah Mansoor","company":"@University Of Kelaniya","blog":"abdullahmansoor.lk","location":"Sri Lanka","email":"mansoorabdullah001@gmail.com","hireable":null,"bio":"Life is full of Bugs","twitter_username":"iAbu94","public_repos":54,"public_gists":1,"followers":7,"following":2,"created_at":"2017-04-20T14:42:49Z","updated_at":"2023-06-05T08:55:47Z","private_gists":0,"total_private_repos":12,"owned_private_repos":10,"disk_usage":356151,"collaborators":2,"two_factor_authentication":false,"plan":{"name":"free","space":976562499,"collaborators":0,"private_repos":10000}}
[info] 
[info] +  Success! Logged into GitHub as iabu94 
[info] 
[debug] [2023-06-19T10:44:04.764Z] >>> [apiv2][query] GET https://api.github.com/repos/iabu94/donate-blood/actions/secrets/public-key type=owner
[debug] [2023-06-19T10:44:05.225Z] <<< [apiv2][status] GET https://api.github.com/repos/iabu94/donate-blood/actions/secrets/public-key 404
[debug] [2023-06-19T10:44:05.226Z] <<< [apiv2][body] GET https://api.github.com/repos/iabu94/donate-blood/actions/secrets/public-key {"message":"Not Found","documentation_url":"https://docs.github.com/rest/reference/actions#get-a-repository-public-key"}
[info] 
[info] 
[error] !  The provided authorization cannot be used with this repository. If this repository is in an organization, did you remember to grant access? 
[info] 
[info] i  Action required: Visit this URL to ensure access has been granted to the appropriate organization(s) for the Firebase CLI GitHub OAuth App: 
[info] https://github.com/settings/connections/applications/89cf50f02ac6aaed3484
[info] 
[debug] [2023-06-19T10:44:22.847Z] >>> [apiv2][query] GET https://api.github.com/repos/iabu94/donate-blood/actions/secrets/public-key type=owner
[debug] [2023-06-19T10:44:23.856Z] <<< [apiv2][status] GET https://api.github.com/repos/iabu94/donate-blood/actions/secrets/public-key 404
[debug] [2023-06-19T10:44:23.856Z] <<< [apiv2][body] GET https://api.github.com/repos/iabu94/donate-blood/actions/secrets/public-key {"message":"Not Found","documentation_url":"https://docs.github.com/rest/reference/actions#get-a-repository-public-key"}
[info] 
[info] 
[error] !  The provided authorization cannot be used with this repository. If this repository is in an organization, did you remember to grant access? 
[info] 
[info] i  Action required: Visit this URL to ensure access has been granted to the appropriate organization(s) for the Firebase CLI GitHub OAuth App: 
[info] https://github.com/settings/connections/applications/89cf50f02ac6aaed3484
[info] 
